<?xml version="1.0" encoding="UTF-8"?>
<!-- Generated by org.testng.reporters.JUnitReportReporter -->
<testsuite skipped="0" hostname="DiptiDash-PC" name="testclass.testclassactitimeloginpage" tests="1" failures="0" timestamp="28 Jul 2020 06:53:07 GMT" time="21.853" errors="0">
  <testcase name="loginpage" time="21.853" classname="testclass.testclassactitimeloginpage"/>
</testsuite> <!-- testclass.testclassactitimeloginpage -->
