<?xml version="1.0" encoding="UTF-8"?>
<!-- Generated by org.testng.reporters.JUnitReportReporter -->
<testsuite skipped="0" hostname="DiptiDash-PC" name="testclass.testclassleavetype" tests="1" failures="0" timestamp="28 Jul 2020 06:28:11 GMT" time="54.325" errors="0">
  <testcase name="leave" time="54.325" classname="testclass.testclassleavetype"/>
</testsuite> <!-- testclass.testclassleavetype -->
