<?xml version="1.0" encoding="UTF-8"?>
<!-- Generated by org.testng.reporters.JUnitReportReporter -->
<testsuite skipped="0" hostname="DiptiDash-PC" name="testclass.testclasstypeofwork" tests="1" failures="0" timestamp="28 Jul 2020 06:28:11 GMT" time="57.525" errors="0">
  <testcase name="typework" time="57.525" classname="testclass.testclasstypeofwork"/>
</testsuite> <!-- testclass.testclasstypeofwork -->
